This is pdfTeX, Version 3.14159265-2.6-1.40.18 (TeX Live 2017/Debian) (preloaded format=pdflatex 2019.7.5)  5 AUG 2019 21:46
entering extended mode
 restricted \write18 enabled.
 %&-line parsing enabled.
**FinalReport.tex
(./FinalReport.tex
LaTeX2e <2017-04-15>
Babel <3.18> and hyphenation patterns for 84 language(s) loaded.
(./coppe.cls
Document Class: coppe 2011/02/08\ v2.2\ COPPE Dissertations and Thesis
(/usr/share/texlive/texmf-dist/tex/latex/base/book.cls
Document Class: book 2014/09/29 v1.4h Standard LaTeX document class
(/usr/share/texlive/texmf-dist/tex/latex/base/bk12.clo
File: bk12.clo 2014/09/29 v1.4h Standard LaTeX file (size option)
)
\c@part=\count79
\c@chapter=\count80
\c@section=\count81
\c@subsection=\count82
\c@subsubsection=\count83
\c@paragraph=\count84
\c@subparagraph=\count85
\c@figure=\count86
\c@table=\count87
\abovecaptionskip=\skip41
\belowcaptionskip=\skip42
\bibindent=\dimen102
)
(/usr/share/texlive/texmf-dist/tex/latex/natbib/natbib.sty
Package: natbib 2010/09/13 8.31b (PWD, AO)
\bibhang=\skip43
\bibsep=\skip44
LaTeX Info: Redefining \cite on input line 694.
\c@NAT@ctr=\count88
)
(/usr/share/texlive/texmf-dist/tex/latex/hyphenat/hyphenat.sty
Package: hyphenat 2009/09/02 v2.3c hyphenation utilities
\langwohyphens=\language84
LaTeX Info: Redefining \_ on input line 43.
)
(/usr/share/texlive/texmf-dist/tex/latex/lastpage/lastpage.sty
Package: lastpage 2015/03/29 v1.2m Refers to last page's name (HMM; JPG)
)
(/usr/share/texlive/texmf-dist/tex/generic/babel/babel.sty
Package: babel 2018/02/14 3.18 The Babel package

(/usr/share/texlive/texmf-dist/tex/generic/babel/switch.def
File: switch.def 2018/02/14 3.18 Babel switching mechanism
)
(/usr/share/texlive/texmf-dist/tex/generic/babel-english/english.ldf
Language: english 2017/06/06 v3.3r English support from the babel system

(/usr/share/texlive/texmf-dist/tex/generic/babel/babel.def
File: babel.def 2018/02/14 3.18 Babel common definitions
\babel@savecnt=\count89
\U@D=\dimen103

(/usr/share/texlive/texmf-dist/tex/generic/babel/txtbabel.def)
\bbl@dirlevel=\count90
)
\l@canadian = a dialect from \language\l@american 
\l@australian = a dialect from \language\l@british 
\l@newzealand = a dialect from \language\l@british 
)
(/usr/share/texlive/texmf-dist/tex/generic/babel-portuges/portuges.ldf
Language: portuges 2008/03/18 v1.2q Portuguese support from the babel system
\l@brazil = a dialect from \language\l@portuges 
Package babel Info: Making " an active character on input line 145.
))
(/usr/share/texlive/texmf-dist/tex/latex/base/ifthen.sty
Package: ifthen 2014/09/29 v1.1c Standard LaTeX ifthen package (DPC)
)
(/usr/share/texlive/texmf-dist/tex/latex/graphics/graphicx.sty
Package: graphicx 2017/06/01 v1.1a Enhanced LaTeX Graphics (DPC,SPQR)

(/usr/share/texlive/texmf-dist/tex/latex/graphics/keyval.sty
Package: keyval 2014/10/28 v1.15 key=value parser (DPC)
\KV@toks@=\toks14
)
(/usr/share/texlive/texmf-dist/tex/latex/graphics/graphics.sty
Package: graphics 2017/06/25 v1.2c Standard LaTeX Graphics (DPC,SPQR)

(/usr/share/texlive/texmf-dist/tex/latex/graphics/trig.sty
Package: trig 2016/01/03 v1.10 sin cos tan (DPC)
)
(/usr/share/texlive/texmf-dist/tex/latex/graphics-cfg/graphics.cfg
File: graphics.cfg 2016/06/04 v1.11 sample graphics configuration
)
Package graphics Info: Driver file: pdftex.def on input line 99.

(/usr/share/texlive/texmf-dist/tex/latex/graphics-def/pdftex.def
File: pdftex.def 2018/01/08 v1.0l Graphics/color driver for pdftex
))
\Gin@req@height=\dimen104
\Gin@req@width=\dimen105
)
(/usr/share/texlive/texmf-dist/tex/latex/setspace/setspace.sty
Package: setspace 2011/12/19 v6.7a set line spacing
)
(/usr/share/texlive/texmf-dist/tex/latex/tools/tabularx.sty
Package: tabularx 2016/02/03 v2.11 `tabularx' package (DPC)

(/usr/share/texlive/texmf-dist/tex/latex/tools/array.sty
Package: array 2016/10/06 v2.4d Tabular extension package (FMi)
\col@sep=\dimen106
\extrarowheight=\dimen107
\NC@list=\toks15
\extratabsurround=\skip45
\backup@length=\skip46
)
\TX@col@width=\dimen108
\TX@old@table=\dimen109
\TX@old@col=\dimen110
\TX@target=\dimen111
\TX@delta=\dimen112
\TX@cols=\count91
\TX@ftn=\toks16
)
(/usr/share/texlive/texmf-dist/tex/latex/eqparbox/eqparbox.sty
Package: eqparbox 2017/09/03 v4.1 Create equal-widthed boxes
\eqp@tempdima=\skip47
\eqp@tempdimb=\skip48
\eqp@tabular@box=\box26
\eqp@list@box=\box27
\eqp@list@indent=\skip49

(/usr/share/texlive/texmf-dist/tex/latex/environ/environ.sty
Package: environ 2014/05/04 v0.3 A new way to define environments

(/usr/share/texlive/texmf-dist/tex/latex/trimspaces/trimspaces.sty
Package: trimspaces 2009/09/17 v1.1 Trim spaces around a token list
)
\@envbody=\toks17
))
(/usr/share/texlive/texmf-dist/tex/generic/oberdiek/ltxcmds.sty
Package: ltxcmds 2016/05/16 v1.23 LaTeX kernel commands for general use (HO)
)
(/usr/share/texlive/texmf-dist/tex/latex/geometry/geometry.sty
Package: geometry 2010/09/12 v5.6 Page Geometry

(/usr/share/texlive/texmf-dist/tex/generic/oberdiek/ifpdf.sty
Package: ifpdf 2017/03/15 v3.2 Provides the ifpdf switch
)
(/usr/share/texlive/texmf-dist/tex/generic/oberdiek/ifvtex.sty
Package: ifvtex 2016/05/16 v1.6 Detect VTeX and its facilities (HO)
Package ifvtex Info: VTeX not detected.
)
(/usr/share/texlive/texmf-dist/tex/generic/ifxetex/ifxetex.sty
Package: ifxetex 2010/09/12 v0.6 Provides ifxetex conditional
)
\Gm@cnth=\count92
\Gm@cntv=\count93
\c@Gm@tempcnt=\count94
\Gm@bindingoffset=\dimen113
\Gm@wd@mp=\dimen114
\Gm@odd@mp=\dimen115
\Gm@even@mp=\dimen116
\Gm@layoutwidth=\dimen117
\Gm@layoutheight=\dimen118
\Gm@layouthoffset=\dimen119
\Gm@layoutvoffset=\dimen120
\Gm@dimlist=\toks18
)
\@advisor=\count95
\@examiner=\count96
\c@keywords=\count97
\bibindent=\dimen121
)
(/usr/share/texlive/texmf-dist/tex/latex/amsmath/amsmath.sty
Package: amsmath 2017/09/02 v2.17a AMS math features
\@mathmargin=\skip50

For additional information on amsmath, use the `?' option.
(/usr/share/texlive/texmf-dist/tex/latex/amsmath/amstext.sty
Package: amstext 2000/06/29 v2.01 AMS text

(/usr/share/texlive/texmf-dist/tex/latex/amsmath/amsgen.sty
File: amsgen.sty 1999/11/30 v2.0 generic functions
\@emptytoks=\toks19
\ex@=\dimen122
))
(/usr/share/texlive/texmf-dist/tex/latex/amsmath/amsbsy.sty
Package: amsbsy 1999/11/29 v1.2d Bold Symbols
\pmbraise@=\dimen123
)
(/usr/share/texlive/texmf-dist/tex/latex/amsmath/amsopn.sty
Package: amsopn 2016/03/08 v2.02 operator names
)
\inf@bad=\count98
LaTeX Info: Redefining \frac on input line 213.
\uproot@=\count99
\leftroot@=\count100
LaTeX Info: Redefining \overline on input line 375.
\classnum@=\count101
\DOTSCASE@=\count102
LaTeX Info: Redefining \ldots on input line 472.
LaTeX Info: Redefining \dots on input line 475.
LaTeX Info: Redefining \cdots on input line 596.
\Mathstrutbox@=\box28
\strutbox@=\box29
\big@size=\dimen124
LaTeX Font Info:    Redeclaring font encoding OML on input line 712.
LaTeX Font Info:    Redeclaring font encoding OMS on input line 713.
\macc@depth=\count103
\c@MaxMatrixCols=\count104
\dotsspace@=\muskip10
\c@parentequation=\count105
\dspbrk@lvl=\count106
\tag@help=\toks20
\row@=\count107
\column@=\count108
\maxfields@=\count109
\andhelp@=\toks21
\eqnshift@=\dimen125
\alignsep@=\dimen126
\tagshift@=\dimen127
\tagwidth@=\dimen128
\totwidth@=\dimen129
\lineht@=\dimen130
\@envbody=\toks22
\multlinegap=\skip51
\multlinetaggap=\skip52
\mathdisplay@stack=\toks23
LaTeX Info: Redefining \[ on input line 2817.
LaTeX Info: Redefining \] on input line 2818.
)
(/usr/share/texlive/texmf-dist/tex/latex/amsfonts/amssymb.sty
Package: amssymb 2013/01/14 v3.01 AMS font symbols

(/usr/share/texlive/texmf-dist/tex/latex/amsfonts/amsfonts.sty
Package: amsfonts 2013/01/14 v3.01 Basic AMSFonts support
\symAMSa=\mathgroup4
\symAMSb=\mathgroup5
LaTeX Font Info:    Overwriting math alphabet `\mathfrak' in version `bold'
(Font)                  U/euf/m/n --> U/euf/b/n on input line 106.
))
(/usr/share/texlive/texmf-dist/tex/latex/hyperref/hyperref.sty
Package: hyperref 2018/02/06 v6.86b Hypertext links for LaTeX

(/usr/share/texlive/texmf-dist/tex/generic/oberdiek/hobsub-hyperref.sty
Package: hobsub-hyperref 2016/05/16 v1.14 Bundle oberdiek, subset hyperref (HO)


(/usr/share/texlive/texmf-dist/tex/generic/oberdiek/hobsub-generic.sty
Package: hobsub-generic 2016/05/16 v1.14 Bundle oberdiek, subset generic (HO)
Package: hobsub 2016/05/16 v1.14 Construct package bundles (HO)
Package: infwarerr 2016/05/16 v1.4 Providing info/warning/error messages (HO)
Package hobsub Info: Skipping package `ltxcmds' (already loaded).
Package: ifluatex 2016/05/16 v1.4 Provides the ifluatex switch (HO)
Package ifluatex Info: LuaTeX not detected.
Package hobsub Info: Skipping package `ifvtex' (already loaded).
Package: intcalc 2016/05/16 v1.2 Expandable calculations with integers (HO)
Package hobsub Info: Skipping package `ifpdf' (already loaded).
Package: etexcmds 2016/05/16 v1.6 Avoid name clashes with e-TeX commands (HO)
Package etexcmds Info: Could not find \expanded.
(etexcmds)             That can mean that you are not using pdfTeX 1.50 or
(etexcmds)             that some package has redefined \expanded.
(etexcmds)             In the latter case, load this package earlier.
Package: kvsetkeys 2016/05/16 v1.17 Key value parser (HO)
Package: kvdefinekeys 2016/05/16 v1.4 Define keys (HO)
Package: pdftexcmds 2018/01/21 v0.26 Utility functions of pdfTeX for LuaTeX (HO
)
Package pdftexcmds Info: LuaTeX not detected.
Package pdftexcmds Info: \pdf@primitive is available.
Package pdftexcmds Info: \pdf@ifprimitive is available.
Package pdftexcmds Info: \pdfdraftmode found.
Package: pdfescape 2016/05/16 v1.14 Implements pdfTeX's escape features (HO)
Package: bigintcalc 2016/05/16 v1.4 Expandable calculations on big integers (HO
)
Package: bitset 2016/05/16 v1.2 Handle bit-vector datatype (HO)
Package: uniquecounter 2016/05/16 v1.3 Provide unlimited unique counter (HO)
)
Package hobsub Info: Skipping package `hobsub' (already loaded).
Package: letltxmacro 2016/05/16 v1.5 Let assignment for LaTeX macros (HO)
Package: hopatch 2016/05/16 v1.3 Wrapper for package hooks (HO)
Package: xcolor-patch 2016/05/16 xcolor patch
Package: atveryend 2016/05/16 v1.9 Hooks at the very end of document (HO)
Package atveryend Info: \enddocument detected (standard20110627).
Package: atbegshi 2016/06/09 v1.18 At begin shipout hook (HO)
Package: refcount 2016/05/16 v3.5 Data extraction from label references (HO)
Package: hycolor 2016/05/16 v1.8 Color options for hyperref/bookmark (HO)
)
(/usr/share/texlive/texmf-dist/tex/latex/oberdiek/auxhook.sty
Package: auxhook 2016/05/16 v1.4 Hooks for auxiliary files (HO)
)
(/usr/share/texlive/texmf-dist/tex/latex/oberdiek/kvoptions.sty
Package: kvoptions 2016/05/16 v3.12 Key value format for package options (HO)
)
\@linkdim=\dimen131
\Hy@linkcounter=\count110
\Hy@pagecounter=\count111

(/usr/share/texlive/texmf-dist/tex/latex/hyperref/pd1enc.def
File: pd1enc.def 2018/02/06 v6.86b Hyperref: PDFDocEncoding definition (HO)
)
\Hy@SavedSpaceFactor=\count112

(/usr/share/texlive/texmf-dist/tex/latex/latexconfig/hyperref.cfg
File: hyperref.cfg 2002/06/06 v1.2 hyperref configuration of TeXLive
)
Package hyperref Info: Hyper figures OFF on input line 4509.
Package hyperref Info: Link nesting OFF on input line 4514.
Package hyperref Info: Hyper index ON on input line 4517.
Package hyperref Info: Plain pages OFF on input line 4524.
Package hyperref Info: Backreferencing OFF on input line 4529.
Package hyperref Info: Implicit mode ON; LaTeX internals redefined.
Package hyperref Info: Bookmarks ON on input line 4762.
\c@Hy@tempcnt=\count113

(/usr/share/texlive/texmf-dist/tex/latex/url/url.sty
\Urlmuskip=\muskip11
Package: url 2013/09/16  ver 3.4  Verb mode for urls, etc.
)
LaTeX Info: Redefining \url on input line 5115.
\XeTeXLinkMargin=\dimen132
\Fld@menulength=\count114
\Field@Width=\dimen133
\Fld@charsize=\dimen134
Package hyperref Info: Hyper figures OFF on input line 6369.
Package hyperref Info: Link nesting OFF on input line 6374.
Package hyperref Info: Hyper index ON on input line 6377.
Package hyperref Info: backreferencing OFF on input line 6384.
Package hyperref Info: Link coloring OFF on input line 6389.
Package hyperref Info: Link coloring with OCG OFF on input line 6394.
Package hyperref Info: PDF/A mode OFF on input line 6399.
LaTeX Info: Redefining \ref on input line 6439.
LaTeX Info: Redefining \pageref on input line 6443.
\Hy@abspage=\count115
\c@Item=\count116
\c@Hfootnote=\count117
)
Package hyperref Info: Driver (autodetected): hpdftex.

(/usr/share/texlive/texmf-dist/tex/latex/hyperref/hpdftex.def
File: hpdftex.def 2018/02/06 v6.86b Hyperref driver for pdfTeX
\Fld@listcount=\count118
\c@bookmark@seq@number=\count119

(/usr/share/texlive/texmf-dist/tex/latex/oberdiek/rerunfilecheck.sty
Package: rerunfilecheck 2016/05/16 v1.8 Rerun checks for auxiliary files (HO)
Package uniquecounter Info: New unique counter `rerunfilecheck' on input line 2
82.
)
\Hy@SectionHShift=\skip53
)
(/usr/share/texlive/texmf-dist/tex/latex/base/inputenc.sty
Package: inputenc 2015/03/17 v1.2c Input encoding file
\inpenc@prehook=\toks24
\inpenc@posthook=\toks25

(/usr/share/texlive/texmf-dist/tex/latex/base/utf8.def
File: utf8.def 2017/01/28 v1.1t UTF-8 support for inputenc
Now handling font encoding OML ...
... no UTF-8 mapping file for font encoding OML
Now handling font encoding T1 ...
... processing UTF-8 mapping file for font encoding T1

(/usr/share/texlive/texmf-dist/tex/latex/base/t1enc.dfu
File: t1enc.dfu 2017/01/28 v1.1t UTF-8 support for inputenc
   defining Unicode char U+00A0 (decimal 160)
   defining Unicode char U+00A1 (decimal 161)
   defining Unicode char U+00A3 (decimal 163)
   defining Unicode char U+00AB (decimal 171)
   defining Unicode char U+00AD (decimal 173)
   defining Unicode char U+00BB (decimal 187)
   defining Unicode char U+00BF (decimal 191)
   defining Unicode char U+00C0 (decimal 192)
   defining Unicode char U+00C1 (decimal 193)
   defining Unicode char U+00C2 (decimal 194)
   defining Unicode char U+00C3 (decimal 195)
   defining Unicode char U+00C4 (decimal 196)
   defining Unicode char U+00C5 (decimal 197)
   defining Unicode char U+00C6 (decimal 198)
   defining Unicode char U+00C7 (decimal 199)
   defining Unicode char U+00C8 (decimal 200)
   defining Unicode char U+00C9 (decimal 201)
   defining Unicode char U+00CA (decimal 202)
   defining Unicode char U+00CB (decimal 203)
   defining Unicode char U+00CC (decimal 204)
   defining Unicode char U+00CD (decimal 205)
   defining Unicode char U+00CE (decimal 206)
   defining Unicode char U+00CF (decimal 207)
   defining Unicode char U+00D0 (decimal 208)
   defining Unicode char U+00D1 (decimal 209)
   defining Unicode char U+00D2 (decimal 210)
   defining Unicode char U+00D3 (decimal 211)
   defining Unicode char U+00D4 (decimal 212)
   defining Unicode char U+00D5 (decimal 213)
   defining Unicode char U+00D6 (decimal 214)
   defining Unicode char U+00D8 (decimal 216)
   defining Unicode char U+00D9 (decimal 217)
   defining Unicode char U+00DA (decimal 218)
   defining Unicode char U+00DB (decimal 219)
   defining Unicode char U+00DC (decimal 220)
   defining Unicode char U+00DD (decimal 221)
   defining Unicode char U+00DE (decimal 222)
   defining Unicode char U+00DF (decimal 223)
   defining Unicode char U+00E0 (decimal 224)
   defining Unicode char U+00E1 (decimal 225)
   defining Unicode char U+00E2 (decimal 226)
   defining Unicode char U+00E3 (decimal 227)
   defining Unicode char U+00E4 (decimal 228)
   defining Unicode char U+00E5 (decimal 229)
   defining Unicode char U+00E6 (decimal 230)
   defining Unicode char U+00E7 (decimal 231)
   defining Unicode char U+00E8 (decimal 232)
   defining Unicode char U+00E9 (decimal 233)
   defining Unicode char U+00EA (decimal 234)
   defining Unicode char U+00EB (decimal 235)
   defining Unicode char U+00EC (decimal 236)
   defining Unicode char U+00ED (decimal 237)
   defining Unicode char U+00EE (decimal 238)
   defining Unicode char U+00EF (decimal 239)
   defining Unicode char U+00F0 (decimal 240)
   defining Unicode char U+00F1 (decimal 241)
   defining Unicode char U+00F2 (decimal 242)
   defining Unicode char U+00F3 (decimal 243)
   defining Unicode char U+00F4 (decimal 244)
   defining Unicode char U+00F5 (decimal 245)
   defining Unicode char U+00F6 (decimal 246)
   defining Unicode char U+00F8 (decimal 248)
   defining Unicode char U+00F9 (decimal 249)
   defining Unicode char U+00FA (decimal 250)
   defining Unicode char U+00FB (decimal 251)
   defining Unicode char U+00FC (decimal 252)
   defining Unicode char U+00FD (decimal 253)
   defining Unicode char U+00FE (decimal 254)
   defining Unicode char U+00FF (decimal 255)
   defining Unicode char U+0100 (decimal 256)
   defining Unicode char U+0101 (decimal 257)
   defining Unicode char U+0102 (decimal 258)
   defining Unicode char U+0103 (decimal 259)
   defining Unicode char U+0104 (decimal 260)
   defining Unicode char U+0105 (decimal 261)
   defining Unicode char U+0106 (decimal 262)
   defining Unicode char U+0107 (decimal 263)
   defining Unicode char U+0108 (decimal 264)
   defining Unicode char U+0109 (decimal 265)
   defining Unicode char U+010A (decimal 266)
   defining Unicode char U+010B (decimal 267)
   defining Unicode char U+010C (decimal 268)
   defining Unicode char U+010D (decimal 269)
   defining Unicode char U+010E (decimal 270)
   defining Unicode char U+010F (decimal 271)
   defining Unicode char U+0110 (decimal 272)
   defining Unicode char U+0111 (decimal 273)
   defining Unicode char U+0112 (decimal 274)
   defining Unicode char U+0113 (decimal 275)
   defining Unicode char U+0114 (decimal 276)
   defining Unicode char U+0115 (decimal 277)
   defining Unicode char U+0116 (decimal 278)
   defining Unicode char U+0117 (decimal 279)
   defining Unicode char U+0118 (decimal 280)
   defining Unicode char U+0119 (decimal 281)
   defining Unicode char U+011A (decimal 282)
   defining Unicode char U+011B (decimal 283)
   defining Unicode char U+011C (decimal 284)
   defining Unicode char U+011D (decimal 285)
   defining Unicode char U+011E (decimal 286)
   defining Unicode char U+011F (decimal 287)
   defining Unicode char U+0120 (decimal 288)
   defining Unicode char U+0121 (decimal 289)
   defining Unicode char U+0122 (decimal 290)
   defining Unicode char U+0123 (decimal 291)
   defining Unicode char U+0124 (decimal 292)
   defining Unicode char U+0125 (decimal 293)
   defining Unicode char U+0128 (decimal 296)
   defining Unicode char U+0129 (decimal 297)
   defining Unicode char U+012A (decimal 298)
   defining Unicode char U+012B (decimal 299)
   defining Unicode char U+012C (decimal 300)
   defining Unicode char U+012D (decimal 301)
   defining Unicode char U+012E (decimal 302)
   defining Unicode char U+012F (decimal 303)
   defining Unicode char U+0130 (decimal 304)
   defining Unicode char U+0131 (decimal 305)
   defining Unicode char U+0132 (decimal 306)
   defining Unicode char U+0133 (decimal 307)
   defining Unicode char U+0134 (decimal 308)
   defining Unicode char U+0135 (decimal 309)
   defining Unicode char U+0136 (decimal 310)
   defining Unicode char U+0137 (decimal 311)
   defining Unicode char U+0139 (decimal 313)
   defining Unicode char U+013A (decimal 314)
   defining Unicode char U+013B (decimal 315)
   defining Unicode char U+013C (decimal 316)
   defining Unicode char U+013D (decimal 317)
   defining Unicode char U+013E (decimal 318)
   defining Unicode char U+0141 (decimal 321)
   defining Unicode char U+0142 (decimal 322)
   defining Unicode char U+0143 (decimal 323)
   defining Unicode char U+0144 (decimal 324)
   defining Unicode char U+0145 (decimal 325)
   defining Unicode char U+0146 (decimal 326)
   defining Unicode char U+0147 (decimal 327)
   defining Unicode char U+0148 (decimal 328)
   defining Unicode char U+014A (decimal 330)
   defining Unicode char U+014B (decimal 331)
   defining Unicode char U+014C (decimal 332)
   defining Unicode char U+014D (decimal 333)
   defining Unicode char U+014E (decimal 334)
   defining Unicode char U+014F (decimal 335)
   defining Unicode char U+0150 (decimal 336)
   defining Unicode char U+0151 (decimal 337)
   defining Unicode char U+0152 (decimal 338)
   defining Unicode char U+0153 (decimal 339)
   defining Unicode char U+0154 (decimal 340)
   defining Unicode char U+0155 (decimal 341)
   defining Unicode char U+0156 (decimal 342)
   defining Unicode char U+0157 (decimal 343)
   defining Unicode char U+0158 (decimal 344)
   defining Unicode char U+0159 (decimal 345)
   defining Unicode char U+015A (decimal 346)
   defining Unicode char U+015B (decimal 347)
   defining Unicode char U+015C (decimal 348)
   defining Unicode char U+015D (decimal 349)
   defining Unicode char U+015E (decimal 350)
   defining Unicode char U+015F (decimal 351)
   defining Unicode char U+0160 (decimal 352)
   defining Unicode char U+0161 (decimal 353)
   defining Unicode char U+0162 (decimal 354)
   defining Unicode char U+0163 (decimal 355)
   defining Unicode char U+0164 (decimal 356)
   defining Unicode char U+0165 (decimal 357)
   defining Unicode char U+0168 (decimal 360)
   defining Unicode char U+0169 (decimal 361)
   defining Unicode char U+016A (decimal 362)
   defining Unicode char U+016B (decimal 363)
   defining Unicode char U+016C (decimal 364)
   defining Unicode char U+016D (decimal 365)
   defining Unicode char U+016E (decimal 366)
   defining Unicode char U+016F (decimal 367)
   defining Unicode char U+0170 (decimal 368)
   defining Unicode char U+0171 (decimal 369)
   defining Unicode char U+0172 (decimal 370)
   defining Unicode char U+0173 (decimal 371)
   defining Unicode char U+0174 (decimal 372)
   defining Unicode char U+0175 (decimal 373)
   defining Unicode char U+0176 (decimal 374)
   defining Unicode char U+0177 (decimal 375)
   defining Unicode char U+0178 (decimal 376)
   defining Unicode char U+0179 (decimal 377)
   defining Unicode char U+017A (decimal 378)
   defining Unicode char U+017B (decimal 379)
   defining Unicode char U+017C (decimal 380)
   defining Unicode char U+017D (decimal 381)
   defining Unicode char U+017E (decimal 382)
   defining Unicode char U+01CD (decimal 461)
   defining Unicode char U+01CE (decimal 462)
   defining Unicode char U+01CF (decimal 463)
   defining Unicode char U+01D0 (decimal 464)
   defining Unicode char U+01D1 (decimal 465)
   defining Unicode char U+01D2 (decimal 466)
   defining Unicode char U+01D3 (decimal 467)
   defining Unicode char U+01D4 (decimal 468)
   defining Unicode char U+01E2 (decimal 482)
   defining Unicode char U+01E3 (decimal 483)
   defining Unicode char U+01E6 (decimal 486)
   defining Unicode char U+01E7 (decimal 487)
   defining Unicode char U+01E8 (decimal 488)
   defining Unicode char U+01E9 (decimal 489)
   defining Unicode char U+01EA (decimal 490)
   defining Unicode char U+01EB (decimal 491)
   defining Unicode char U+01F0 (decimal 496)
   defining Unicode char U+01F4 (decimal 500)
   defining Unicode char U+01F5 (decimal 501)
   defining Unicode char U+0218 (decimal 536)
   defining Unicode char U+0219 (decimal 537)
   defining Unicode char U+021A (decimal 538)
   defining Unicode char U+021B (decimal 539)
   defining Unicode char U+0232 (decimal 562)
   defining Unicode char U+0233 (decimal 563)
   defining Unicode char U+1E02 (decimal 7682)
   defining Unicode char U+1E03 (decimal 7683)
   defining Unicode char U+200C (decimal 8204)
   defining Unicode char U+2010 (decimal 8208)
   defining Unicode char U+2011 (decimal 8209)
   defining Unicode char U+2012 (decimal 8210)
   defining Unicode char U+2013 (decimal 8211)
   defining Unicode char U+2014 (decimal 8212)
   defining Unicode char U+2015 (decimal 8213)
   defining Unicode char U+2018 (decimal 8216)
   defining Unicode char U+2019 (decimal 8217)
   defining Unicode char U+201A (decimal 8218)
   defining Unicode char U+201C (decimal 8220)
   defining Unicode char U+201D (decimal 8221)
   defining Unicode char U+201E (decimal 8222)
   defining Unicode char U+2030 (decimal 8240)
   defining Unicode char U+2031 (decimal 8241)
   defining Unicode char U+2039 (decimal 8249)
   defining Unicode char U+203A (decimal 8250)
   defining Unicode char U+2423 (decimal 9251)
   defining Unicode char U+1E20 (decimal 7712)
   defining Unicode char U+1E21 (decimal 7713)
)
Now handling font encoding OT1 ...
... processing UTF-8 mapping file for font encoding OT1

(/usr/share/texlive/texmf-dist/tex/latex/base/ot1enc.dfu
File: ot1enc.dfu 2017/01/28 v1.1t UTF-8 support for inputenc
   defining Unicode char U+00A0 (decimal 160)
   defining Unicode char U+00A1 (decimal 161)
   defining Unicode char U+00A3 (decimal 163)
   defining Unicode char U+00AD (decimal 173)
   defining Unicode char U+00B8 (decimal 184)
   defining Unicode char U+00BF (decimal 191)
   defining Unicode char U+00C5 (decimal 197)
   defining Unicode char U+00C6 (decimal 198)
   defining Unicode char U+00D8 (decimal 216)
   defining Unicode char U+00DF (decimal 223)
   defining Unicode char U+00E6 (decimal 230)
   defining Unicode char U+00EC (decimal 236)
   defining Unicode char U+00ED (decimal 237)
   defining Unicode char U+00EE (decimal 238)
   defining Unicode char U+00EF (decimal 239)
   defining Unicode char U+00F8 (decimal 248)
   defining Unicode char U+0131 (decimal 305)
   defining Unicode char U+0141 (decimal 321)
   defining Unicode char U+0142 (decimal 322)
   defining Unicode char U+0152 (decimal 338)
   defining Unicode char U+0153 (decimal 339)
   defining Unicode char U+0174 (decimal 372)
   defining Unicode char U+0175 (decimal 373)
   defining Unicode char U+0176 (decimal 374)
   defining Unicode char U+0177 (decimal 375)
   defining Unicode char U+0218 (decimal 536)
   defining Unicode char U+0219 (decimal 537)
   defining Unicode char U+021A (decimal 538)
   defining Unicode char U+021B (decimal 539)
   defining Unicode char U+2013 (decimal 8211)
   defining Unicode char U+2014 (decimal 8212)
   defining Unicode char U+2018 (decimal 8216)
   defining Unicode char U+2019 (decimal 8217)
   defining Unicode char U+201C (decimal 8220)
   defining Unicode char U+201D (decimal 8221)
)
Now handling font encoding OMS ...
... processing UTF-8 mapping file for font encoding OMS

(/usr/share/texlive/texmf-dist/tex/latex/base/omsenc.dfu
File: omsenc.dfu 2017/01/28 v1.1t UTF-8 support for inputenc
   defining Unicode char U+00A7 (decimal 167)
   defining Unicode char U+00B6 (decimal 182)
   defining Unicode char U+00B7 (decimal 183)
   defining Unicode char U+2020 (decimal 8224)
   defining Unicode char U+2021 (decimal 8225)
   defining Unicode char U+2022 (decimal 8226)
)
Now handling font encoding OMX ...
... no UTF-8 mapping file for font encoding OMX
Now handling font encoding U ...
... no UTF-8 mapping file for font encoding U
Now handling font encoding PD1 ...
... no UTF-8 mapping file for font encoding PD1
   defining Unicode char U+00A9 (decimal 169)
   defining Unicode char U+00AA (decimal 170)
   defining Unicode char U+00AE (decimal 174)
   defining Unicode char U+00BA (decimal 186)
   defining Unicode char U+02C6 (decimal 710)
   defining Unicode char U+02DC (decimal 732)
   defining Unicode char U+200C (decimal 8204)
   defining Unicode char U+2026 (decimal 8230)
   defining Unicode char U+2122 (decimal 8482)
   defining Unicode char U+2423 (decimal 9251)
))
(/usr/share/texlive/texmf-dist/tex/latex/base/fontenc.sty
Package: fontenc 2017/04/05 v2.0i Standard LaTeX package

(/usr/share/texlive/texmf-dist/tex/latex/base/t1enc.def
File: t1enc.def 2017/04/05 v2.0i Standard LaTeX file
LaTeX Font Info:    Redeclaring font encoding T1 on input line 48.
))
(/usr/share/texlive/texmf-dist/tex/latex/caption/subcaption.sty
Package: subcaption 2016/05/22 v1.1-161 Sub-captions (AR)

(/usr/share/texlive/texmf-dist/tex/latex/caption/caption.sty
Package: caption 2016/02/21 v3.3-144 Customizing captions (AR)

(/usr/share/texlive/texmf-dist/tex/latex/caption/caption3.sty
Package: caption3 2016/05/22 v1.7-166 caption3 kernel (AR)
Package caption3 Info: TeX engine: e-TeX on input line 67.
\captionmargin=\dimen135
\captionmargin@=\dimen136
\captionwidth=\dimen137
\caption@tempdima=\dimen138
\caption@indent=\dimen139
\caption@parindent=\dimen140
\caption@hangindent=\dimen141
)
\c@ContinuedFloat=\count120
Package caption Info: hyperref package is loaded.
)
\c@subfigure=\count121
\c@subtable=\count122
)
(/usr/share/texlive/texmf-dist/tex/latex/mwe/mwe.sty
Package: mwe 2017/12/10 v0.4 Package to support minimal working examples (MWE)

(/usr/share/texlive/texmf-dist/tex/latex/lipsum/lipsum.sty
Package: lipsum 2014/07/27 v1.3 150 paragraphs of Lorem Ipsum dummy text
\c@lips@count=\count123
)
(/usr/share/texlive/texmf-dist/tex/latex/blindtext/blindtext.sty
Package: blindtext 2012/01/06 V2.0 blindtext-Package

(/usr/share/texlive/texmf-dist/tex/latex/tools/xspace.sty
Package: xspace 2014/10/28 v1.13 Space after command names (DPC,MH)
)
\c@blindtext=\count124
\c@Blindtext=\count125
\c@blind@countparstart=\count126
\blind@countxx=\count127
\blindtext@numBlindtext=\count128
\blind@countyy=\count129
\c@blindlist=\count130
\c@blindlistlevel=\count131
\c@blindlist@level=\count132
\blind@listitem=\count133
\c@blind@listcount=\count134
\c@blind@levelcount=\count135
\blind@mathformula=\count136
\blind@Mathformula=\count137
\c@blind@randomcount=\count138
\c@blind@randommax=\count139
\c@blind@pangramcount=\count140
\c@blind@pangrammax=\count141
))
(/usr/share/texlive/texmf-dist/tex/latex/makecell/makecell.sty
Package: makecell 2009/08/03 V0.1e Managing of Tab Column Heads and Cells
\rotheadsize=\dimen142
\c@nlinenum=\count142
\TeXr@lab=\toks26
)
\@losfile=\write3
\openout3 = `FinalReport.syx'.


Writing index of symbols file FinalReport.syx
\@labfile=\write4
\openout4 = `FinalReport.abx'.

Writing index of abbreviations file FinalReport.abx
(./FinalReport.aux)
\openout1 = `FinalReport.aux'.

LaTeX Font Info:    Checking defaults for OML/cmm/m/it on input line 45.
LaTeX Font Info:    ... okay on input line 45.
LaTeX Font Info:    Checking defaults for T1/cmr/m/n on input line 45.
LaTeX Font Info:    ... okay on input line 45.
LaTeX Font Info:    Checking defaults for OT1/cmr/m/n on input line 45.
LaTeX Font Info:    ... okay on input line 45.
LaTeX Font Info:    Checking defaults for OMS/cmsy/m/n on input line 45.
LaTeX Font Info:    ... okay on input line 45.
LaTeX Font Info:    Checking defaults for OMX/cmex/m/n on input line 45.
LaTeX Font Info:    ... okay on input line 45.
LaTeX Font Info:    Checking defaults for U/cmr/m/n on input line 45.
LaTeX Font Info:    ... okay on input line 45.
LaTeX Font Info:    Checking defaults for PD1/pdf/m/n on input line 45.
LaTeX Font Info:    ... okay on input line 45.
Package lastpage Info: Please have a look at the pageslts package at
(lastpage)             https://www.ctan.org/pkg/pageslts
(lastpage)             ! on input line 45.

(/usr/share/texlive/texmf-dist/tex/context/base/mkii/supp-pdf.mkii
[Loading MPS to PDF converter (version 2006.09.02).]
\scratchcounter=\count143
\scratchdimen=\dimen143
\scratchbox=\box30
\nofMPsegments=\count144
\nofMParguments=\count145
\everyMPshowfont=\toks27
\MPscratchCnt=\count146
\MPscratchDim=\dimen144
\MPnumerator=\count147
\makeMPintoPDFobject=\count148
\everyMPtoPDFconversion=\toks28
) (/usr/share/texlive/texmf-dist/tex/latex/oberdiek/epstopdf-base.sty
Package: epstopdf-base 2016/05/15 v2.6 Base part for package epstopdf

(/usr/share/texlive/texmf-dist/tex/latex/oberdiek/grfext.sty
Package: grfext 2016/05/16 v1.2 Manage graphics extensions (HO)
)
Package epstopdf-base Info: Redefining graphics rule for `.eps' on input line 4
38.
Package grfext Info: Graphics extension search list:
(grfext)             [.pdf,.png,.jpg,.mps,.jpeg,.jbig2,.jb2,.PDF,.PNG,.JPG,.JPE
G,.JBIG2,.JB2,.eps]
(grfext)             \AppendGraphicsExtensions on input line 456.

(/usr/share/texlive/texmf-dist/tex/latex/latexconfig/epstopdf-sys.cfg
File: epstopdf-sys.cfg 2010/07/13 v1.3 Configuration of (r)epstopdf for TeX Liv
e
))
*geometry* driver: auto-detecting
*geometry* detected driver: pdftex
*geometry* verbose mode - [ preamble ] result:
* driver: pdftex
* paper: a4paper
* layout: <same size as paper>
* layoutoffset:(h,v)=(0.0pt,0.0pt)
* vratio: 1:1
* modes: 
* h-part:(L,W,R)=(85.35826pt, 426.79135pt, 85.35826pt)
* v-part:(T,H,B)=(71.13188pt, 702.78308pt, 71.13188pt)
* \paperwidth=597.50787pt
* \paperheight=845.04684pt
* \textwidth=426.79135pt
* \textheight=702.78308pt
* \oddsidemargin=13.08827pt
* \evensidemargin=13.08827pt
* \topmargin=-33.0119pt
* \headheight=12.0pt
* \headsep=19.8738pt
* \topskip=12.0pt
* \footskip=30.0pt
* \marginparwidth=38.0pt
* \marginparsep=7.0pt
* \columnsep=10.0pt
* \skip\footins=10.8pt plus 4.0pt minus 2.0pt
* \hoffset=0.0pt
* \voffset=0.0pt
* \mag=1000
* \@twocolumnfalse
* \@twosidefalse
* \@mparswitchfalse
* \@reversemarginfalse
* (1in=72.27pt=25.4mm, 1cm=28.453pt)

\AtBeginShipoutBox=\box31
Package hyperref Info: Link coloring OFF on input line 45.
(/usr/share/texlive/texmf-dist/tex/latex/hyperref/nameref.sty
Package: nameref 2016/05/21 v2.44 Cross-referencing by name of section

(/usr/share/texlive/texmf-dist/tex/generic/oberdiek/gettitlestring.sty
Package: gettitlestring 2016/05/16 v1.5 Cleanup title references (HO)
)
\c@section@level=\count149
)
LaTeX Info: Redefining \ref on input line 45.
LaTeX Info: Redefining \pageref on input line 45.
LaTeX Info: Redefining \nameref on input line 45.

(./FinalReport.out) (./FinalReport.out)
\@outlinefile=\write5
\openout5 = `FinalReport.out'.

Package caption Info: Begin \AtBeginDocument code.
Package caption Info: End \AtBeginDocument code.
Package babel Info: Redefining portuges shorthand "|
(babel)             in language  on input line 108.
Package babel Info: Redefining portuges shorthand "|
(babel)             in language  on input line 108.
Package babel Info: Redefining portuges shorthand "|
(babel)             in language  on input line 108.
Package babel Info: Redefining portuges shorthand "|
(babel)             in language  on input line 108.
Package babel Info: Redefining portuges shorthand "|
(babel)             in language  on input line 108.
Package hyperref Info: Option `breaklinks' set `true' on input line 108.
Package hyperref Info: Option `raiselinks' set `true' on input line 108.
Package hyperref Info: Option `pageanchor' set `true' on input line 108.
<poli-logo.pdf, id=180, 708.6475pt x 282.05376pt>
File: poli-logo.pdf Graphic file (type pdf)
<use poli-logo.pdf>
Package pdftex.def Info: poli-logo.pdf  used on input line 108.
(pdftex.def)             Requested size: 213.39566pt x 84.93526pt.
LaTeX Font Info:    Try loading font information for U+msa on input line 108.

(/usr/share/texlive/texmf-dist/tex/latex/amsfonts/umsa.fd
File: umsa.fd 2013/01/14 v3.01 AMS symbols A
)
LaTeX Font Info:    Try loading font information for U+msb on input line 108.

(/usr/share/texlive/texmf-dist/tex/latex/amsfonts/umsb.fd
File: umsb.fd 2013/01/14 v3.01 AMS symbols B
)
Package babel Info: Redefining portuges shorthand "|
(babel)             in language  on input line 108.
Package babel Info: Redefining portuges shorthand "|
(babel)             in language  on input line 108.
 [1


{/var/lib/texmf/fonts/map/pdftex/updmap/pdftex.map} <./poli-logo.pdf>]
Underfull \hbox (badness 1540) in paragraph at lines 109--109
\T1/cmr/m/n/12 PROJETO DE GRA-DU-A-ÇÃO SUB-ME-TIDO []AO CORPO DOCENTE DO
 []

Package babel Info: Redefining portuges shorthand "|
(babel)             in language  on input line 109.
Package babel Info: Redefining portuges shorthand "|
(babel)             in language  on input line 109.
[2

]
Underfull \hbox (badness 10000) in paragraph at lines 111--111
[]\T1/cmr/m/n/12 IDENTIFICAÇÃO FOTOMÉTRICA DE
 []


Underfull \hbox (badness 6016) in paragraph at lines 111--111
\T1/cmr/m/n/12 SUPERNOVAS ATRAVÉS DE ALGORITMOS DE
 []


Underfull \hbox (badness 1142) in paragraph at lines 111--111
\T1/cmr/m/n/12 MACHINE LEARNING/Felipe Matheus Fernandes de
 []

Package babel Info: Redefining portuges shorthand "|
(babel)             in language  on input line 125.
Package babel Info: Redefining portuges shorthand "|
(babel)             in language  on input line 125.
[3

]
Package babel Info: Redefining portuges shorthand "|
(babel)             in language  on input line 127.
Package babel Info: Redefining portuges shorthand "|
(babel)             in language  on input line 127.
 [4

]
Package babel Info: Redefining portuges shorthand "|
(babel)             in language  on input line 142.
Package babel Info: Redefining portuges shorthand "|
(babel)             in language  on input line 142.
 [5

]
Package babel Info: Redefining portuges shorthand "|
(babel)             in language  on input line 149.
Package babel Info: Redefining portuges shorthand "|
(babel)             in language  on input line 149.
 [6

]
Package babel Info: Redefining portuges shorthand "|
(babel)             in language  on input line 155.
Package babel Info: Redefining portuges shorthand "|
(babel)             in language  on input line 155.
 [7

] (./FinalReport.toc
Package babel Info: Redefining portuges shorthand "|
(babel)             in language  on input line 31.
Package babel Info: Redefining portuges shorthand "|
(babel)             in language  on input line 31.
 [8

])
\tf@toc=\write6
\openout6 = `FinalReport.toc'.

Package babel Info: Redefining portuges shorthand "|
(babel)             in language  on input line 156.
Package babel Info: Redefining portuges shorthand "|
(babel)             in language  on input line 156.
 [9]
Package babel Info: Redefining portuges shorthand "|
(babel)             in language  on input line 156.
 (./FinalReport.lof)
\tf@lof=\write7
\openout7 = `FinalReport.lof'.

Package babel Info: Redefining portuges shorthand "|
(babel)             in language  on input line 157.
Package babel Info: Redefining portuges shorthand "|
(babel)             in language  on input line 157.
 [10

]
Package babel Info: Redefining portuges shorthand "|
(babel)             in language  on input line 157.

(./FinalReport.lot)
\tf@lot=\write8
\openout8 = `FinalReport.lot'.


No file FinalReport.los.
No file FinalReport.lab.
Package babel Info: Redefining portuges shorthand "|
(babel)             in language  on input line 161.
Package babel Info: Redefining portuges shorthand "|
(babel)             in language  on input line 161.
[11

]
Cap\'{\i }tulo 1.
Package babel Info: Redefining portuges shorthand "|
(babel)             in language  on input line 164.
Package babel Info: Redefining portuges shorthand "|
(babel)             in language  on input line 166.
Package babel Info: Redefining portuges shorthand "|
(babel)             in language  on input line 180.
Package babel Info: Redefining portuges shorthand "|
(babel)             in language  on input line 180.
[1


]
Package babel Info: Redefining portuges shorthand "|
(babel)             in language  on input line 183.
LaTeX Font Info:    Try loading font information for OMS+cmr on input line 193.

 (/usr/share/texlive/texmf-dist/tex/latex/base/omscmr.fd
File: omscmr.fd 2014/09/29 v2.5h Standard LaTeX font definitions
)
LaTeX Font Info:    Font shape `OMS/cmr/m/n' in size <12> not available
(Font)              Font shape `OMS/cmsy/m/n' tried instead on input line 193.
Package babel Info: Redefining portuges shorthand "|
(babel)             in language  on input line 202.
Package babel Info: Redefining portuges shorthand "|
(babel)             in language  on input line 202.
 [2]
<figures/Ex_reta.png, id=379, 922.44624pt x 515.9275pt>
File: figures/Ex_reta.png Graphic file (type png)
<use figures/Ex_reta.png>
Package pdftex.def Info: figures/Ex_reta.png  used on input line 207.
(pdftex.def)             Requested size: 426.79134pt x 238.7072pt.
Package babel Info: Redefining portuges shorthand "|
(babel)             in language  on input line 212.
Package babel Info: Redefining portuges shorthand "|
(babel)             in language  on input line 220.
Package babel Info: Redefining portuges shorthand "|
(babel)             in language  on input line 224.
Package babel Info: Redefining portuges shorthand "|
(babel)             in language  on input line 224.
 [3 <./figures/Ex_reta.png>]
Package babel Info: Redefining portuges shorthand "|
(babel)             in language  on input line 235.
<figures/OutPoint.png, id=394, 1156.32pt x 722.7pt>
File: figures/OutPoint.png Graphic file (type png)
<use figures/OutPoint.png>
Package pdftex.def Info: figures/OutPoint.png  used on input line 247.
(pdftex.def)             Requested size: 426.79134pt x 266.74419pt.
<figures/OutStd.png, id=395, 1156.32pt x 722.7pt>
File: figures/OutStd.png Graphic file (type png)
<use figures/OutStd.png>
Package pdftex.def Info: figures/OutStd.png  used on input line 255.
(pdftex.def)             Requested size: 426.79134pt x 266.74419pt.


LaTeX Warning: `!h' float specifier changed to `!ht'.

Package babel Info: Redefining portuges shorthand "|
(babel)             in language  on input line 262.
Package babel Info: Redefining portuges shorthand "|
(babel)             in language  on input line 265.
Package babel Info: Redefining portuges shorthand "|
(babel)             in language  on input line 265.
[4 <./figures/OutPoint.png>]
Package babel Info: Redefining portuges shorthand "|
(babel)             in language  on input line 274.
Package babel Info: Redefining portuges shorthand "|
(babel)             in language  on input line 278.
Package babel Info: Redefining portuges shorthand "|
(babel)             in language  on input line 278.
 [5 <./figures/OutStd.png>]
Package babel Info: Redefining portuges shorthand "|
(babel)             in language  on input line 282.
Package babel Info: Redefining portuges shorthand "|
(babel)             in language  on input line 282.
 [6]
Package babel Info: Redefining portuges shorthand "|
(babel)             in language  on input line 284.
Package babel Info: Redefining portuges shorthand "|
(babel)             in language  on input line 303.
Package babel Info: Redefining portuges shorthand "|
(babel)             in language  on input line 306.
Package babel Info: Redefining portuges shorthand "|
(babel)             in language  on input line 306.
 [7]
Package babel Info: Redefining portuges shorthand "|
(babel)             in language  on input line 312.
Package babel Info: Redefining portuges shorthand "|
(babel)             in language  on input line 312.
 [8]
Cap\'{\i }tulo 2.
Package babel Info: Redefining portuges shorthand "|
(babel)             in language  on input line 314.
Package babel Info: Redefining portuges shorthand "|
(babel)             in language  on input line 317.
Package babel Info: Redefining portuges shorthand "|
(babel)             in language  on input line 328.
Package babel Info: Redefining portuges shorthand "|
(babel)             in language  on input line 328.
[9

]
Package babel Info: Redefining portuges shorthand "|
(babel)             in language  on input line 330.
<figures/Kernel1.png, id=459, 748.7975pt x 444.66125pt>
File: figures/Kernel1.png Graphic file (type png)
<use figures/Kernel1.png>
Package pdftex.def Info: figures/Kernel1.png  used on input line 348.
(pdftex.def)             Requested size: 223.00256pt x 132.42236pt.

Overfull \hbox (20.27408pt too wide) in paragraph at lines 348--350
 [][] 
 []

<figures/Kernel2.png, id=460, 1135.24126pt x 446.66875pt>
File: figures/Kernel2.png Graphic file (type png)
<use figures/Kernel2.png>
Package pdftex.def Info: figures/Kernel2.png  used on input line 356.
(pdftex.def)             Requested size: 223.00256pt x 87.7373pt.

Overfull \hbox (20.27408pt too wide) in paragraph at lines 356--358
 [][] 
 []

Package babel Info: Redefining portuges shorthand "|
(babel)             in language  on input line 368.
Package babel Info: Redefining portuges shorthand "|
(babel)             in language  on input line 368.
[10]
Package babel Info: Redefining portuges shorthand "|
(babel)             in language  on input line 370.
<figures/mcmc1.png, id=470, 803.0pt x 321.2pt>
File: figures/mcmc1.png Graphic file (type png)
<use figures/mcmc1.png>
Package pdftex.def Info: figures/mcmc1.png  used on input line 384.
(pdftex.def)             Requested size: 223.00256pt x 89.20021pt.

Overfull \hbox (20.27408pt too wide) in paragraph at lines 384--386
 [][] 
 []

<figures/mcmc2.png, id=471, 803.0pt x 321.2pt>
File: figures/mcmc2.png Graphic file (type png)
<use figures/mcmc2.png>
Package pdftex.def Info: figures/mcmc2.png  used on input line 392.
(pdftex.def)             Requested size: 223.00256pt x 89.20021pt.

Overfull \hbox (20.27408pt too wide) in paragraph at lines 392--394
 [][] 
 []


Underfull \hbox (badness 2027) in paragraph at lines 394--394
[]\T1/cmr/m/n/10.95 (b) |Exem-plo de pri-ori de-li-mi-tada que
 []

Package babel Info: Redefining portuges shorthand "|
(babel)             in language  on input line 406.

Underfull \hbox (badness 10000) in paragraph at lines 409--410

 []

Package babel Info: Redefining portuges shorthand "|
(babel)             in language  on input line 410.
Package babel Info: Redefining portuges shorthand "|
(babel)             in language  on input line 410.
[11 <./figures/Kernel1.png> <./figures/Kernel2.png>]
Package babel Info: Redefining portuges shorthand "|
(babel)             in language  on input line 421.
Package babel Info: Redefining portuges shorthand "|
(babel)             in language  on input line 421.
 [12 <./figures/mcmc1.png> <./figures/mcmc2.png>]
<figures/DLarch.png, id=490, 826.08624pt x 377.41pt>
File: figures/DLarch.png Graphic file (type png)
<use figures/DLarch.png>
Package pdftex.def Info: figures/DLarch.png  used on input line 427.
(pdftex.def)             Requested size: 341.43306pt x 155.98875pt.
Package babel Info: Redefining portuges shorthand "|
(babel)             in language  on input line 437.
Package babel Info: Redefining portuges shorthand "|
(babel)             in language  on input line 437.
 [13 <./figures/DLarch.png>]
<figures/convolution.png, id=505, 815.045pt x 435.6275pt>
File: figures/convolution.png Graphic file (type png)
<use figures/convolution.png>
Package pdftex.def Info: figures/convolution.png  used on input line 441.
(pdftex.def)             Requested size: 341.43306pt x 182.49036pt.
<figures/maxpooling.png, id=509, 918.43124pt x 431.6125pt>
File: figures/maxpooling.png Graphic file (type png)
<use figures/maxpooling.png>
Package pdftex.def Info: figures/maxpooling.png  used on input line 451.
(pdftex.def)             Requested size: 341.43306pt x 160.45808pt.
Package babel Info: Redefining portuges shorthand "|
(babel)             in language  on input line 459.
Package babel Info: Redefining portuges shorthand "|
(babel)             in language  on input line 459.
 [14 <./figures/convolution.png> <./figures/maxpooling.png>]
Package babel Info: Redefining portuges shorthand "|
(babel)             in language  on input line 463.
Package babel Info: Redefining portuges shorthand "|
(babel)             in language  on input line 469.
Package babel Info: Redefining portuges shorthand "|
(babel)             in language  on input line 479.
Package babel Info: Redefining portuges shorthand "|
(babel)             in language  on input line 486.
Package babel Info: Redefining portuges shorthand "|
(babel)             in language  on input line 486.
 [15]
Package babel Info: Redefining portuges shorthand "|
(babel)             in language  on input line 487.
<figures/cm_teorica.png, id=533, 684.5575pt x 510.90875pt>
File: figures/cm_teorica.png Graphic file (type png)
<use figures/cm_teorica.png>
Package pdftex.def Info: figures/cm_teorica.png  used on input line 507.
(pdftex.def)             Requested size: 256.0748pt x 191.12256pt.
Package babel Info: Redefining portuges shorthand "|
(babel)             in language  on input line 516.
Package babel Info: Redefining portuges shorthand "|
(babel)             in language  on input line 516.
 [16 <./figures/cm_teorica.png (PNG copy)>]
<figures/rocauc.png, id=542, 796.9775pt x 309.155pt>
File: figures/rocauc.png Graphic file (type png)
<use figures/rocauc.png>
Package pdftex.def Info: figures/rocauc.png  used on input line 539.
(pdftex.def)             Requested size: 341.43306pt x 132.44345pt.
Package babel Info: Redefining portuges shorthand "|
(babel)             in language  on input line 553.
Package babel Info: Redefining portuges shorthand "|
(babel)             in language  on input line 553.
[17 <./figures/rocauc.png>]
<figures/map.png, id=556, 823.075pt x 421.575pt>
File: figures/map.png Graphic file (type png)
<use figures/map.png>
Package pdftex.def Info: figures/map.png  used on input line 556.
(pdftex.def)             Requested size: 426.79134pt x 218.6027pt.
Package babel Info: Redefining portuges shorthand "|
(babel)             in language  on input line 571.
Package babel Info: Redefining portuges shorthand "|
(babel)             in language  on input line 571.
 [18 <./figures/map.png>]
Cap\'{\i }tulo 3.
Package babel Info: Redefining portuges shorthand "|
(babel)             in language  on input line 572.
Package babel Info: Redefining portuges shorthand "|
(babel)             in language  on input line 578.
<figures/raw_dat.png, id=569, 744.7825pt x 1061.9675pt>
File: figures/raw_dat.png Graphic file (type png)
<use figures/raw_dat.png>
Package pdftex.def Info: figures/raw_dat.png  used on input line 585.
(pdftex.def)             Requested size: 256.0748pt x 365.13145pt.
Package babel Info: Redefining portuges shorthand "|
(babel)             in language  on input line 609.
Package babel Info: Redefining portuges shorthand "|
(babel)             in language  on input line 609.
[19

]
<figures/bandpass.jpg, id=578, 1204.5pt x 903.375pt>
File: figures/bandpass.jpg Graphic file (type jpg)
<use figures/bandpass.jpg>
Package pdftex.def Info: figures/bandpass.jpg  used on input line 616.
(pdftex.def)             Requested size: 426.79134pt x 320.10075pt.


LaTeX Warning: `!h' float specifier changed to `!ht'.

<figures/SN000017_II_desg.png, id=581, 1156.32pt x 722.7pt>
File: figures/SN000017_II_desg.png Graphic file (type png)
<use figures/SN000017_II_desg.png>
Package pdftex.def Info: figures/SN000017_II_desg.png  used on input line 626.
(pdftex.def)             Requested size: 202.72849pt x 126.69493pt.
<figures/SN000017_II_desi.png, id=582, 1156.32pt x 722.7pt>
File: figures/SN000017_II_desi.png Graphic file (type png)
<use figures/SN000017_II_desi.png>
Package pdftex.def Info: figures/SN000017_II_desi.png  used on input line 634.
(pdftex.def)             Requested size: 202.72849pt x 126.69493pt.
<figures/SN000017_II_desr.png, id=583, 1156.32pt x 722.7pt>
File: figures/SN000017_II_desr.png Graphic file (type png)
<use figures/SN000017_II_desr.png>
Package pdftex.def Info: figures/SN000017_II_desr.png  used on input line 642.
(pdftex.def)             Requested size: 202.72849pt x 126.69493pt.
<figures/SN000017_II_desz.png, id=584, 1156.32pt x 722.7pt>
File: figures/SN000017_II_desz.png Graphic file (type png)
<use figures/SN000017_II_desz.png>
Package pdftex.def Info: figures/SN000017_II_desz.png  used on input line 650.
(pdftex.def)             Requested size: 202.72849pt x 126.69493pt.
Package babel Info: Redefining portuges shorthand "|
(babel)             in language  on input line 661.
Package babel Info: Redefining portuges shorthand "|
(babel)             in language  on input line 666.
Package babel Info: Redefining portuges shorthand "|
(babel)             in language  on input line 666.
[20 <./figures/raw_dat.png>]
<figures/pipeline_ilustracao.png, id=594, 1875.005pt x 698.61pt>
File: figures/pipeline_ilustracao.png Graphic file (type png)
<use figures/pipeline_ilustracao.png>
Package pdftex.def Info: figures/pipeline_ilustracao.png  used on input line 66
9.
(pdftex.def)             Requested size: 426.79134pt x 159.01396pt.


LaTeX Warning: `!h' float specifier changed to `!ht'.

Package babel Info: Redefining portuges shorthand "|
(babel)             in language  on input line 688.
Package babel Info: Redefining portuges shorthand "|
(babel)             in language  on input line 688.
[21 <./figures/bandpass.jpg>]
Package babel Info: Redefining portuges shorthand "|
(babel)             in language  on input line 692.
Package babel Info: Redefining portuges shorthand "|
(babel)             in language  on input line 692.
 [22 <./figures/SN000017_II_desg.png> <./figures/SN000017_II_desi.png> <./figur
es/SN000017_II_desr.png> <./figures/SN000017_II_desz.png> <./figures/pipeline_i
lustracao.png>]
<figures/cm_ex.png, id=611, 336.25626pt x 281.05pt>
File: figures/cm_ex.png Graphic file (type png)
<use figures/cm_ex.png>
Package pdftex.def Info: figures/cm_ex.png  used on input line 697.
(pdftex.def)             Requested size: 202.72849pt x 169.44609pt.
<figures/cm_exp.png, id=612, 320.19624pt x 281.05pt>
File: figures/cm_exp.png Graphic file (type png)
<use figures/cm_exp.png>
Package pdftex.def Info: figures/cm_exp.png  used on input line 705.
(pdftex.def)             Requested size: 202.72849pt x 177.94585pt.
Package babel Info: Redefining portuges shorthand "|
(babel)             in language  on input line 715.
Package babel Info: Redefining portuges shorthand "|
(babel)             in language  on input line 715.
 [23 <./figures/cm_ex.png> <./figures/cm_exp.png>]
Cap\'{\i }tulo 4.
Package babel Info: Redefining portuges shorthand "|
(babel)             in language  on input line 716.
Package babel Info: Redefining portuges shorthand "|
(babel)             in language  on input line 721.
Package babel Info: Redefining portuges shorthand "|
(babel)             in language  on input line 731.
Package babel Info: Redefining portuges shorthand "|
(babel)             in language  on input line 731.
[24

]
Package babel Info: Redefining portuges shorthand "|
(babel)             in language  on input line 733.

Overfull \hbox (36.78374pt too wide) in paragraph at lines 747--776
 [] 
 []

Package babel Info: Redefining portuges shorthand "|
(babel)             in language  on input line 788.
Package babel Info: Redefining portuges shorthand "|
(babel)             in language  on input line 788.
[25]
Cap\'{\i }tulo 5.
Package babel Info: Redefining portuges shorthand "|
(babel)             in language  on input line 789.
Package babel Info: Redefining portuges shorthand "|
(babel)             in language  on input line 792.
Package babel Info: Redefining portuges shorthand "|
(babel)             in language  on input line 800.
Package babel Info: Redefining portuges shorthand "|
(babel)             in language  on input line 815.
Package babel Info: Redefining portuges shorthand "|
(babel)             in language  on input line 815.
[26

]
<figures/DL_architecture.png, id=646, 594.22pt x 373.395pt>
File: figures/DL_architecture.png Graphic file (type png)
<use figures/DL_architecture.png>
Package pdftex.def Info: figures/DL_architecture.png  used on input line 819.
(pdftex.def)             Requested size: 312.9803pt x 196.67912pt.
Package babel Info: Redefining portuges shorthand "|
(babel)             in language  on input line 828.
Package babel Info: Redefining portuges shorthand "|
(babel)             in language  on input line 828.
 [27 <./figures/DL_architecture.png>]
Package babel Info: Redefining portuges shorthand "|
(babel)             in language  on input line 830.
<figures/result_DL1.png, id=653, 544.0325pt x 466.74374pt>
File: figures/result_DL1.png Graphic file (type png)
<use figures/result_DL1.png>
Package pdftex.def Info: figures/result_DL1.png  used on input line 838.
(pdftex.def)             Requested size: 202.72849pt x 173.93169pt.
<figures/result_DL2.png, id=654, 561.09625pt x 441.65pt>
File: figures/result_DL2.png Graphic file (type png)
<use figures/result_DL2.png>
Package pdftex.def Info: figures/result_DL2.png  used on input line 845.
(pdftex.def)             Requested size: 202.72849pt x 159.56668pt.
<figures/dldef.png, id=659, 531.9875pt x 467.7475pt>
File: figures/dldef.png Graphic file (type png)
<use figures/dldef.png>
Package pdftex.def Info: figures/dldef.png  used on input line 864.
(pdftex.def)             Requested size: 199.16928pt x 175.11224pt.
<figures/cmmarc.png, id=660, 529.98pt x 469.755pt>
File: figures/cmmarc.png Graphic file (type png)
<use figures/cmmarc.png>
Package pdftex.def Info: figures/cmmarc.png  used on input line 871.
(pdftex.def)             Requested size: 199.16928pt x 176.53758pt.
Package babel Info: Redefining portuges shorthand "|
(babel)             in language  on input line 878.
Package babel Info: Redefining portuges shorthand "|
(babel)             in language  on input line 878.
 [28 <./figures/result_DL1.png> <./figures/result_DL2.png>]
Package babel Info: Redefining portuges shorthand "|
(babel)             in language  on input line 879.
Package babel Info: Redefining portuges shorthand "|
(babel)             in language  on input line 879.
 [29 <./figures/dldef.png> <./figures/cmmarc.png>]
Cap\'{\i }tulo 6.
Package babel Info: Redefining portuges shorthand "|
(babel)             in language  on input line 879.
Package babel Info: Redefining portuges shorthand "|
(babel)             in language  on input line 890.
Package babel Info: Redefining portuges shorthand "|
(babel)             in language  on input line 895.
Package babel Info: Redefining portuges shorthand "|
(babel)             in language  on input line 895.
[30

]
Package babel Info: Redefining portuges shorthand "|
(babel)             in language  on input line 912.
Package babel Info: Redefining portuges shorthand "|
(babel)             in language  on input line 919.
Package babel Info: Redefining portuges shorthand "|
(babel)             in language  on input line 919.
 [31]
Package babel Info: Redefining portuges shorthand "|
(babel)             in language  on input line 933.
Package babel Info: Redefining portuges shorthand "|
(babel)             in language  on input line 947.
Package babel Info: Redefining portuges shorthand "|
(babel)             in language  on input line 947.
 [32]
Package babel Info: Redefining portuges shorthand "|
(babel)             in language  on input line 970.
Package babel Info: Redefining portuges shorthand "|
(babel)             in language  on input line 976.
Package babel Info: Redefining portuges shorthand "|
(babel)             in language  on input line 976.
 [33]
<figures/halfcauchy.png, id=722, 462.528pt x 346.896pt>
File: figures/halfcauchy.png Graphic file (type png)
<use figures/halfcauchy.png>
Package pdftex.def Info: figures/halfcauchy.png  used on input line 986.
(pdftex.def)             Requested size: 341.43306pt x 256.08499pt.


LaTeX Warning: `!h' float specifier changed to `!ht'.

Package babel Info: Redefining portuges shorthand "|
(babel)             in language  on input line 1040.
Package babel Info: Redefining portuges shorthand "|
(babel)             in language  on input line 1043.
Package babel Info: Redefining portuges shorthand "|
(babel)             in language  on input line 1043.
[34 <./figures/halfcauchy.png>]
File: figures/Ex_reta.png Graphic file (type png)
<use figures/Ex_reta.png>
Package pdftex.def Info: figures/Ex_reta.png  used on input line 1052.
(pdftex.def)             Requested size: 202.72849pt x 113.3863pt.
<figures/SN013742_pymc_eq.png, id=735, 821.0675pt x 252.945pt>
File: figures/SN013742_pymc_eq.png Graphic file (type png)
<use figures/SN013742_pymc_eq.png>
Package pdftex.def Info: figures/SN013742_pymc_eq.png  used on input line 1059.

(pdftex.def)             Requested size: 202.72849pt x 62.45259pt.

Underfull \hbox (badness 1902) in paragraph at lines 1061--1061
[]\T1/cmr/m/n/10.95 (b) |PyMC3 Ex-po-nen-tial Qua-dra-tic se-
 []

<figures/SN013742_pymc_m52_6.png, id=736, 836.12375pt x 252.945pt>
File: figures/SN013742_pymc_m52_6.png Graphic file (type png)
<use figures/SN013742_pymc_m52_6.png>
Package pdftex.def Info: figures/SN013742_pymc_m52_6.png  used on input line 10
66.
(pdftex.def)             Requested size: 202.72849pt x 61.32944pt.
<figures/SN013742_pymc_m52_9.png, id=737, 830.10126pt x 252.945pt>
File: figures/SN013742_pymc_m52_9.png Graphic file (type png)
<use figures/SN013742_pymc_m52_9.png>
Package pdftex.def Info: figures/SN013742_pymc_m52_9.png  used on input line 10
73.
(pdftex.def)             Requested size: 202.72849pt x 61.77328pt.
<figures/SN013742_pymc_m52_6_noOF.png, id=738, 830.10126pt x 252.945pt>
File: figures/SN013742_pymc_m52_6_noOF.png Graphic file (type png)
<use figures/SN013742_pymc_m52_6_noOF.png>
Package pdftex.def Info: figures/SN013742_pymc_m52_6_noOF.png  used on input li
ne 1080.
(pdftex.def)             Requested size: 202.72849pt x 61.77328pt.
<figures/SN013742_pymc_m52_9_noOF.png, id=739, 830.10126pt x 252.945pt>
File: figures/SN013742_pymc_m52_9_noOF.png Graphic file (type png)
<use figures/SN013742_pymc_m52_9_noOF.png>
Package pdftex.def Info: figures/SN013742_pymc_m52_9_noOF.png  used on input li
ne 1087.
(pdftex.def)             Requested size: 202.72849pt x 61.77328pt.
<figures/CM_mat_george_normal.png, id=740, 320.19624pt x 281.05pt>
File: figures/CM_mat_george_normal.png Graphic file (type png)
<use figures/CM_mat_george_normal.png>
Package pdftex.def Info: figures/CM_mat_george_normal.png  used on input line 1
100.
(pdftex.def)             Requested size: 202.72849pt x 177.94585pt.
<figures/CM_mat_george_absolut.png, id=741, 336.25626pt x 281.05pt>
File: figures/CM_mat_george_absolut.png Graphic file (type png)
<use figures/CM_mat_george_absolut.png>
Package pdftex.def Info: figures/CM_mat_george_absolut.png  used on input line 
1107.
(pdftex.def)             Requested size: 202.72849pt x 169.44609pt.
Package babel Info: Redefining portuges shorthand "|
(babel)             in language  on input line 1116.
Package babel Info: Redefining portuges shorthand "|
(babel)             in language  on input line 1116.
[35]
Package babel Info: Redefining portuges shorthand "|
(babel)             in language  on input line 1116.
Package babel Info: Redefining portuges shorthand "|
(babel)             in language  on input line 1116.
 [36 <./figures/SN013742_pymc_eq.png> <./figures/SN013742_pymc_m52_6.png> <./fi
gures/SN013742_pymc_m52_9.png> <./figures/SN013742_pymc_m52_6_noOF.png> <./figu
res/SN013742_pymc_m52_9_noOF.png>]
Package babel Info: Redefining portuges shorthand "|
(babel)             in language  on input line 1117.
Package babel Info: Redefining portuges shorthand "|
(babel)             in language  on input line 1135.
Package babel Info: Redefining portuges shorthand "|
(babel)             in language  on input line 1135.
 [37 <./figures/CM_mat_george_normal.png> <./figures/CM_mat_george_absolut.png>
]
Package babel Info: Redefining portuges shorthand "|
(babel)             in language  on input line 1136.
Package babel Info: Redefining portuges shorthand "|
(babel)             in language  on input line 1136.
 [38]
Cap\'{\i }tulo 7.
Package babel Info: Redefining portuges shorthand "|
(babel)             in language  on input line 1138.
Package babel Info: Redefining portuges shorthand "|
(babel)             in language  on input line 1140.
Package babel Info: Redefining portuges shorthand "|
(babel)             in language  on input line 1152.
Package babel Info: Redefining portuges shorthand "|
(babel)             in language  on input line 1152.
[39

]
Package babel Info: Redefining portuges shorthand "|
(babel)             in language  on input line 1157.
Package babel Info: Redefining portuges shorthand "|
(babel)             in language  on input line 1168.
Package babel Info: Redefining portuges shorthand "|
(babel)             in language  on input line 1168.
 [40] (./FinalReport.bbl
Package babel Info: Redefining portuges shorthand "|
(babel)             in language  on input line 1.

Underfull \hbox (badness 10000) in paragraph at lines 10--14
[]\T1/cmr/m/n/12 VAZ, A. L.  ``Mo-del Va-li-da-tion ^^V Data Sci-ence'',
 []


Underfull \hbox (badness 10000) in paragraph at lines 10--14
[]\T1/cmr/m/it/12 https://medium.com/@arthurlambletvaz/model-validation-data-sc
ience-
 []


Underfull \hbox (badness 7433) in paragraph at lines 16--20
[]\T1/cmr/m/n/12 HUI, J.  ``mAP (mean Ave-rage Pre-ci-sion) for Ob-ject De-tec-
tion'',
 []


Underfull \hbox (badness 10000) in paragraph at lines 16--20
[]\T1/cmr/m/it/12 https://medium.com/@jonathan_-hui/map-mean-average-precision-

 []


Overfull \hbox (5.92688pt too wide) in paragraph at lines 22--26
[]\T1/cmr/m/n/12 WIKIPEDIA.  ``Lu-mi-no-sity dis-tance'', []\T1/cmr/m/it/12 htt
ps://en.wikipedia.org/wiki/Luminosity_-
 []


Underfull \hbox (badness 10000) in paragraph at lines 34--38
[]\T1/cmr/m/n/12 WIKIPEDIA.  ``Vela pa-drão'', []\T1/cmr/m/it/12 https://pt.wik
ipedia.org/wiki/Vela_-
 []


Underfull \hbox (badness 10000) in paragraph at lines 40--44
[]\T1/cmr/m/n/12 WIKIPEDIA.  ``Es-pec-tros-co-pia as-tronô-mica'',
 []


Underfull \hbox (badness 10000) in paragraph at lines 40--44
[]\T1/cmr/m/it/12 https://pt.wikipedia.org/wiki/Espectroscopia_-as-tron%C3%B4mi
ca[]\T1/cmr/m/n/12 ,
 []


Overfull \hbox (21.33842pt too wide) in paragraph at lines 51--55
[]\T1/cmr/m/n/12 WIKIPEDIA.  ``Fo-to-me-tria as-tronô-mica'', []\T1/cmr/m/it/12
 https://pt.wikipedia.org/wiki/Fotometria_-
 []


Underfull \hbox (badness 10000) in paragraph at lines 57--61
[]\T1/cmr/m/n/12 WIKIPEDIA.  ``Se-gunda lei da Ter-mo-di-nâ-mica'',
 []


Underfull \hbox (badness 10000) in paragraph at lines 57--61
[]\T1/cmr/m/it/12 https://pt.wikipedia.org/wiki/Segunda_-lei_-da_-ter-mo-din%C3
%A2mica[]\T1/cmr/m/n/12 ,
 []


Underfull \hbox (badness 10000) in paragraph at lines 68--71
[]\T1/cmr/m/n/12 LABORATORY, A. N.  ``Ar-gonne Na-ti-o-nal La-bo-ra-tory'',
 []

Package babel Info: Redefining portuges shorthand "|
(babel)             in language  on input line 72.
Package babel Info: Redefining portuges shorthand "|
(babel)             in language  on input line 72.
[41


]
Underfull \hbox (badness 10000) in paragraph at lines 73--77
[]\T1/cmr/m/n/12 PANDAS.  ``Pan-das - Python Data Analy-sis Li-brary'',
 []


Underfull \hbox (badness 10000) in paragraph at lines 95--99
[]\T1/cmr/m/n/12 PYMC3.  ``PyMC3 - Mean and Co-va-ri-ance Func-ti-ons'',
 []


Underfull \hbox (badness 6461) in paragraph at lines 107--111
[]\T1/cmr/m/n/12 BAILEY, K.  ``From both si-des now: the math of li-near re-
 []


Underfull \hbox (badness 4752) in paragraph at lines 107--111
\T1/cmr/m/n/12 gres-sion'', []\T1/cmr/m/it/12 http://katbailey.github.io/post/f
rom-both-sides-now-the-math-
 []


Underfull \hbox (badness 10000) in paragraph at lines 113--117
[]\T1/cmr/m/n/12 BAILEY, K.  ``Gaus-sian Pro-ces-ses for Dum-mies'',
 []


Underfull \hbox (badness 7291) in paragraph at lines 113--117
[]\T1/cmr/m/it/12 http://katbailey.github.io/post/gaussian-processes-for-dummie
s/[]\T1/cmr/m/n/12 , v. 1,
 []


Underfull \hbox (badness 10000) in paragraph at lines 131--135
[]\T1/cmr/m/n/12 IVAN, M.  ``Get-ting star-ted with Deep le-ar-ning in R'',
 []


Underfull \hbox (badness 10000) in paragraph at lines 131--135
[]\T1/cmr/m/it/12 https://en.proft.me/2016/06/15/getting-started-deep-learning-
r/[]\T1/cmr/m/n/12 , jun.
 []


Underfull \hbox (badness 10000) in paragraph at lines 143--147
[]\T1/cmr/m/n/12 WIKIPEDIA.  ``Per-cep-tron Mul-ti-ca-ma-das'',
 []


Overfull \hbox (47.15161pt too wide) in paragraph at lines 156--160
[]\T1/cmr/m/n/12 WIKIPEDIA.  ``Pseu-do-a-le-a-to-ri-e-dade'', []\T1/cmr/m/it/12
 https://pt.wikipedia.org/wiki/Pseudoaleatoriedade[]\T1/cmr/m/n/12 ,
 []

Package babel Info: Redefining portuges shorthand "|
(babel)             in language  on input line 160.
Package babel Info: Redefining portuges shorthand "|
(babel)             in language  on input line 160.
[42]
Overfull \hbox (77.76175pt too wide) in paragraph at lines 172--174
[]\T1/cmr/m/n/12 ``Modified Ju-lian Date'', []\T1/cmr/m/it/12 http://sciencewor
ld.wolfram.com/astronomy/ModifiedJulianDate.html[]\T1/cmr/m/n/12 . 
 []


Underfull \hbox (badness 10000) in paragraph at lines 199--203
[]\T1/cmr/m/n/12 BIB, G.  ``Do-cu-men-ta-ção bi-bli-o-teca \T1/cmr/m/it/12 Ge-o
rge\T1/cmr/m/n/12 '',
 []


Underfull \hbox (badness 10000) in paragraph at lines 205--209
[]\T1/cmr/m/n/12 WIKIPEDIA.  ``Wi-ki-pe-dia, pro-ba-bi-li-dade mar-gi-nal'',
 []


Underfull \hbox (badness 10000) in paragraph at lines 216--220
[]\T1/cmr/m/n/12 LAB, D. D.  ``Fit-ting Gaus-sian Pro-cess Mo-dels in Python'',

 []


Underfull \hbox (badness 10000) in paragraph at lines 216--220
[]\T1/cmr/m/it/12 https://blog.dominodatalab.com/fitting-gaussian-process-model
s-python/[]\T1/cmr/m/n/12 ,
 []


Underfull \hbox (badness 10000) in paragraph at lines 222--226
[]\T1/cmr/m/n/12 PYMC3.  ``PyMC3 - Exam-ple'', []\T1/cmr/m/it/12 https://docs.p
ymc.io/notebooks/GP-
 []


Underfull \hbox (badness 10000) in paragraph at lines 228--232
[]\T1/cmr/m/n/12 PYMC3.  ``PyMC3 - Get-ting Star-ted'', []
 []

Package babel Info: Redefining portuges shorthand "|
(babel)             in language  on input line 233.
Package babel Info: Redefining portuges shorthand "|
(babel)             in language  on input line 233.
[43]
Underfull \hbox (badness 10000) in paragraph at lines 234--238
[]\T1/cmr/m/n/12 PYMC3.  ``PyMC3 - Con-ti-nuos func-ti-ons'', []
 []


Underfull \hbox (badness 2393) in paragraph at lines 251--255
[]\T1/cmr/m/n/12 PYMC DEVS.  ``PyMC3 ex-tra va-ri-a-bles, and is-sues with the-
ano.'' []
 []

)
Package babel Info: Redefining portuges shorthand "|
(babel)             in language  on input line 1173.
Package babel Info: Redefining portuges shorthand "|
(babel)             in language  on input line 1173.
 [44]
Ap\^endice A.
Package babel Info: Redefining portuges shorthand "|
(babel)             in language  on input line 1173.
Package babel Info: Redefining portuges shorthand "|
(babel)             in language  on input line 1178.
Package babel Info: Redefining portuges shorthand "|
(babel)             in language  on input line 1178.
[45

]
Ap\^endice B.
Package babel Info: Redefining portuges shorthand "|
(babel)             in language  on input line 1178.

Underfull \hbox (badness 1484) in paragraph at lines 1181--1182
\T1/cmr/m/n/12 sui as di-ver-sas in-ter-po-la-ções fei-tas para ava-liar de ma-
neira em-pí-rica quais
 []


Underfull \hbox (badness 2617) in paragraph at lines 1181--1182
\T1/cmr/m/n/12 mé-to-dos e quais \T1/cmr/m/it/12 ran-dom se-eds \T1/cmr/m/n/12 
se mos-tra-ram mais efi-ca-zes. O ar-quivo
 []


Underfull \hbox (badness 1924) in paragraph at lines 1181--1182
\T1/cmr/m/n/12 é o []https://github.com/FelipeMFO/supernova_-iden-ti-fi-ca-tion
/blob/master/src_-
 []


AED: lastpage setting LastPage
Package babel Info: Redefining portuges shorthand "|
(babel)             in language  on input line 1184.
Package babel Info: Redefining portuges shorthand "|
(babel)             in language  on input line 1184.
[46

]
Package babel Info: Redefining portuges shorthand "|
(babel)             in language  on input line 1184.
Package atveryend Info: Empty hook `BeforeClearDocument' on input line 1184.
Package atveryend Info: Empty hook `AfterLastShipout' on input line 1184.
 (./FinalReport.aux)
Package atveryend Info: Executing hook `AtVeryEndDocument' on input line 1184.
Package atveryend Info: Executing hook `AtEndAfterFileList' on input line 1184.

Package rerunfilecheck Info: File `FinalReport.out' has not changed.
(rerunfilecheck)             Checksum: 8386C47CD1E94FCBCB21DF62C6CF87E7;3059.
Package atveryend Info: Empty hook `AtVeryVeryEnd' on input line 1184.
 ) 
Here is how much of TeX's memory you used:
 10410 strings out of 492982
 150600 string characters out of 6134897
 376185 words of memory out of 5000000
 13549 multiletter control sequences out of 15000+600000
 24636 words of font info for 58 fonts, out of 8000000 for 9000
 1141 hyphenation exceptions out of 8191
 42i,14n,45p,825b,539s stack positions out of 5000i,500n,10000p,200000b,80000s
{/usr/share/texmf/fonts/enc/dvips/cm-super/cm-super-t1.enc}</usr/share/texliv
e/texmf-dist/fonts/type1/public/amsfonts/cm/cmex10.pfb></usr/share/texlive/texm
f-dist/fonts/type1/public/amsfonts/cm/cmmi12.pfb></usr/share/texlive/texmf-dist
/fonts/type1/public/amsfonts/cm/cmmi8.pfb></usr/share/texlive/texmf-dist/fonts/
type1/public/amsfonts/cm/cmr10.pfb></usr/share/texlive/texmf-dist/fonts/type1/p
ublic/amsfonts/cm/cmr12.pfb></usr/share/texlive/texmf-dist/fonts/type1/public/a
msfonts/cm/cmr8.pfb></usr/share/texlive/texmf-dist/fonts/type1/public/amsfonts/
cm/cmsy10.pfb></usr/share/texlive/texmf-dist/fonts/type1/public/amsfonts/cm/cms
y8.pfb></usr/share/texmf/fonts/type1/public/cm-super/sfbi1200.pfb></usr/share/t
exmf/fonts/type1/public/cm-super/sfbi1440.pfb></usr/share/texmf/fonts/type1/pub
lic/cm-super/sfbi1728.pfb></usr/share/texmf/fonts/type1/public/cm-super/sfbi248
8.pfb></usr/share/texmf/fonts/type1/public/cm-super/sfbx1095.pfb></usr/share/te
xmf/fonts/type1/public/cm-super/sfbx1200.pfb></usr/share/texmf/fonts/type1/publ
ic/cm-super/sfbx1440.pfb></usr/share/texmf/fonts/type1/public/cm-super/sfbx1728
.pfb></usr/share/texmf/fonts/type1/public/cm-super/sfbx2488.pfb></usr/share/tex
mf/fonts/type1/public/cm-super/sfrm1095.pfb></usr/share/texmf/fonts/type1/publi
c/cm-super/sfrm1200.pfb></usr/share/texmf/fonts/type1/public/cm-super/sfti1095.
pfb></usr/share/texmf/fonts/type1/public/cm-super/sfti1200.pfb>
Output written on FinalReport.pdf (57 pages, 2440385 bytes).
PDF statistics:
 974 PDF objects out of 1000 (max. 8388607)
 805 compressed objects within 9 object streams
 186 named destinations out of 1000 (max. 500000)
 533 words of extra memory for PDF output out of 10000 (max. 10000000)

