\BOOKMARK [0][-]{chapter*.3}{Lista de Figuras}{}% 1
\BOOKMARK [0][-]{chapter*.4}{Lista de Tabelas}{}% 2
\BOOKMARK [0][-]{chapter.1}{Introdu\347\343o}{}% 3
\BOOKMARK [1][-]{section.1.1}{Tema e Contextualiza\347\343o}{chapter.1}% 4
\BOOKMARK [1][-]{section.1.2}{Problem\341tica}{chapter.1}% 5
\BOOKMARK [1][-]{section.1.3}{Delimita\347\343o}{chapter.1}% 6
\BOOKMARK [1][-]{section.1.4}{Objetivos}{chapter.1}% 7
\BOOKMARK [2][-]{subsection.1.4.1}{Processo Gaussiano Gaussian Process}{section.1.4}% 8
\BOOKMARK [2][-]{subsection.1.4.2}{Aprendizagem Profunda}{section.1.4}% 9
\BOOKMARK [2][-]{subsection.1.4.3}{Tratamento de Outliers}{section.1.4}% 10
\BOOKMARK [1][-]{section.1.5}{Metodologia}{chapter.1}% 11
\BOOKMARK [1][-]{section.1.6}{Descri\347\343o}{chapter.1}% 12
\BOOKMARK [0][-]{chapter.2}{Fundamentos Te\363ricos}{}% 13
\BOOKMARK [1][-]{section.2.1}{Processo Gaussiano}{chapter.2}% 14
\BOOKMARK [2][-]{subsection.2.1.1}{Kernel e Fun\347\343o de Covari\342ncia}{section.2.1}% 15
\BOOKMARK [2][-]{subsection.2.1.2}{Fun\347\343o M\351dia}{section.2.1}% 16
\BOOKMARK [1][-]{section.2.2}{Redes Neurais Convolucionais}{chapter.2}% 17
\BOOKMARK [1][-]{section.2.3}{Demais Conceitos}{chapter.2}% 18
\BOOKMARK [2][-]{subsection.2.3.1}{An\341lise de Componentes Principais}{section.2.3}% 19
\BOOKMARK [2][-]{subsection.2.3.2}{Transformadas de Wavelet}{section.2.3}% 20
\BOOKMARK [2][-]{subsection.2.3.3}{Valida\347\343o cruzada K-Fold}{section.2.3}% 21
\BOOKMARK [0][-]{chapter.3}{Modelo Atual}{}% 22
\BOOKMARK [1][-]{section.3.1}{Pr\351-processamento dos Dados Brutos}{chapter.3}% 23
\BOOKMARK [1][-]{section.3.2}{Pipeline Atual}{chapter.3}% 24
\BOOKMARK [0][-]{chapter.4}{Tratamento de Outliers}{}% 25
\BOOKMARK [1][-]{section.4.1}{Estrat\351gias Utilizadas}{chapter.4}% 26
\BOOKMARK [1][-]{section.4.2}{Resultados e compara\347\365es}{chapter.4}% 27
\BOOKMARK [0][-]{chapter.5}{Rede Neural Convolucional}{}% 28
\BOOKMARK [1][-]{section.5.1}{Gera\347\343o de Imagens e Par\342metros}{chapter.5}% 29
\BOOKMARK [1][-]{section.5.2}{Pipeline}{chapter.5}% 30
\BOOKMARK [1][-]{section.5.3}{Resultados e compara\347\365es}{chapter.5}% 31
\BOOKMARK [0][-]{chapter.6}{Interpola\347\343o atrav\351s de Processo Gaussiano}{}% 32
\BOOKMARK [1][-]{section.6.1}{Escolha da Biblioteca}{chapter.6}% 33
\BOOKMARK [1][-]{section.6.2}{Aleatoriedades e Random Seeds}{chapter.6}% 34
\BOOKMARK [1][-]{section.6.3}{Kernel Functions}{chapter.6}% 35
\BOOKMARK [1][-]{section.6.4}{Demais Observa\347\365es}{chapter.6}% 36
\BOOKMARK [1][-]{section.6.5}{Resultados das Interpola\347\365es}{chapter.6}% 37
\BOOKMARK [1][-]{section.6.6}{Identifica\347\343o e Justificativa do Erro}{chapter.6}% 38
\BOOKMARK [0][-]{chapter.7}{Conclus\365es}{}% 39
\BOOKMARK [1][-]{section.7.1}{Conclus\365es Finais}{chapter.7}% 40
\BOOKMARK [1][-]{section.7.2}{Trabalhos Futuros}{chapter.7}% 41
\BOOKMARK [0][-]{chapter*.25}{Refer\352ncias Bibliogr\341ficas}{}% 42
\BOOKMARK [0][-]{appendix.A}{Reposit\363rio do C\363digo}{}% 43
\BOOKMARK [0][-]{appendix.B}{Avalia\347\343o das Interpola\347\365es}{}% 44
